app/build/outputs/logs/manifest-merger-debug-report.txt
-- Merging decision tree log ---
manifest
ADDED from src/main/AndroidManifest.xml:2:1-76:12
INJECTED from src/main/AndroidManifest.xml:2:1-76:12
INJECTED from src/main/AndroidManifest.xml:2:1-76:12
INJECTED from src/main/AndroidManifest.xml:2:1-76:12
MERGED from [com.android.support:design:28.0.0] AndroidManifest.xml:17:1-24:12
MERGED from [com.github.maayyaannkk:ImagePicker:1.0.1] AndroidManifest.xml:2:1-26:12
MERGED from [com.android.support:appcompat-v7:28.0.0] AndroidManifest.xml:17:1-22:12
MERGED from [com.android.support:recyclerview-v7:28.0.0] AndroidManifest.xml:17:1-22:12
MERGED from [com.android.support:cardview-v7:28.0.0] AndroidManifest.xml:17:1-22:12
MERGED from [com.google.android.gms:play-services-places:9.2.0] AndroidManifest.xml:16:1-20:12
MERGED from [com.google.android.gms:play-services-maps:9.2.0] AndroidManifest.xml:16:1-28:12
MERGED from [com.google.android.gms:play-services-base:9.2.0] AndroidManifest.xml:16:1-24:12
MERGED from [com.google.android.gms:play-services-tasks:9.2.0] AndroidManifest.xml:2:1-6:12
MERGED from [com.google.android.gms:play-services-basement:9.2.0] AndroidManifest.xml:16:1-26:12
MERGED from [com.android.support:support-v4:28.0.0] AndroidManifest.xml:17:1-22:12
MERGED from [com.android.support.constraint:constraint-layout:1.0.2] AndroidManifest.xml:2:1-11:12
MERGED from [com.android.support:support-fragment:28.0.0] AndroidManifest.xml:17:1-22:12
MERGED from [com.android.support:animated-vector-drawable:28.0.0] AndroidManifest.xml:17:1-22:12
MERGED from [com.android.support:support-core-ui:28.0.0] AndroidManifest.xml:17:1-22:12
MERGED from [com.android.support:support-core-utils:28.0.0] AndroidManifest.xml:17:1-22:12
MERGED from [com.android.support:support-media-compat:28.0.0] AndroidManifest.xml:17:1-22:12
MERGED from [com.android.support:transition:28.0.0] AndroidManifest.xml:17:1-22:12
MERGED from [com.android.support:viewpager:28.0.0] AndroidManifest.xml:17:1-22:12
MERGED from [com.android.support:coordinatorlayout:28.0.0] AndroidManifest.xml:17:1-22:12
MERGED from [com.android.support:drawerlayout:28.0.0] AndroidManifest.xml:17:1-22:12
MERGED from [com.android.support:slidingpanelayout:28.0.0] AndroidManifest.xml:17:1-22:12
MERGED from [com.android.support:customview:28.0.0] AndroidManifest.xml:17:1-22:12
MERGED from [com.android.support:swiperefreshlayout:28.0.0] AndroidManifest.xml:17:1-22:12
MERGED from [com.android.support:asynclayoutinflater:28.0.0] AndroidManifest.xml:17:1-22:12
MERGED from [com.android.support:loader:28.0.0] AndroidManifest.xml:17:1-22:12
MERGED from [com.android.support:support-vector-drawable:28.0.0] AndroidManifest.xml:17:1-22:12
MERGED from [com.android.support:support-compat:28.0.0] AndroidManifest.xml:17:1-24:12
MERGED from [com.android.support:exifinterface:27.1.1] AndroidManifest.xml:17:1-22:12
MERGED from [com.android.support:versionedparcelable:28.0.0] AndroidManifest.xml:17:1-25:12
MERGED from [android.arch.lifecycle:runtime:1.1.1] AndroidManifest.xml:17:1-22:12
MERGED from [com.android.support:interpolator:28.0.0] AndroidManifest.xml:17:1-22:12
MERGED from [com.android.support:cursoradapter:28.0.0] AndroidManifest.xml:17:1-22:12
MERGED from [com.android.support:documentfile:28.0.0] AndroidManifest.xml:17:1-22:12
MERGED from [com.android.support:localbroadcastmanager:28.0.0] AndroidManifest.xml:17:1-22:12
MERGED from [com.android.support:print:28.0.0] AndroidManifest.xml:17:1-22:12
MERGED from [android.arch.lifecycle:viewmodel:1.1.1] AndroidManifest.xml:17:1-22:12
MERGED from [android.arch.lifecycle:livedata:1.1.1] AndroidManifest.xml:17:1-22:12
MERGED from [android.arch.lifecycle:livedata-core:1.1.1] AndroidManifest.xml:17:1-22:12
MERGED from [android.arch.core:runtime:1.1.1] AndroidManifest.xml:17:1-22:12
INJECTED from src/main/AndroidManifest.xml:2:1-76:12
INJECTED from src/main/AndroidManifest.xml:2:1-76:12
INJECTED from src/main/AndroidManifest.xml:2:1-76:12
	package
		ADDED from src/main/AndroidManifest.xml:3:5-37
		INJECTED from src/main/AndroidManifest.xml
		INJECTED from src/main/AndroidManifest.xml
	android:versionName
		INJECTED from src/main/AndroidManifest.xml
		ADDED from src/main/AndroidManifest.xml:2:1-76:12
		INJECTED from src/main/AndroidManifest.xml
	android:versionCode
		INJECTED from src/main/AndroidManifest.xml
		ADDED from src/main/AndroidManifest.xml:2:1-76:12
		INJECTED from src/main/AndroidManifest.xml
	xmlns:android
		ADDED from src/main/AndroidManifest.xml:2:11-69
uses-permission#android.permission.INTERNET
ADDED from src/main/AndroidManifest.xml:5:5-67
MERGED from [com.google.android.gms:play-services-maps:9.2.0] AndroidManifest.xml:21:5-66
MERGED from [com.google.android.gms:play-services-maps:9.2.0] AndroidManifest.xml:21:5-66
	android:name
		ADDED from src/main/AndroidManifest.xml:5:22-64
uses-permission#android.permission.READ_EXTERNAL_STORAGE
ADDED from src/main/AndroidManifest.xml:6:5-80
MERGED from [com.github.maayyaannkk:ImagePicker:1.0.1] AndroidManifest.xml:12:5-80
MERGED from [com.github.maayyaannkk:ImagePicker:1.0.1] AndroidManifest.xml:12:5-80
	android:name
		ADDED from src/main/AndroidManifest.xml:6:22-77
uses-permission#android.permission.WRITE_EXTERNAL_STORAGE
ADDED from src/main/AndroidManifest.xml:7:5-81
MERGED from [com.github.maayyaannkk:ImagePicker:1.0.1] AndroidManifest.xml:11:5-81
MERGED from [com.github.maayyaannkk:ImagePicker:1.0.1] AndroidManifest.xml:11:5-81
	android:name
		ADDED from src/main/AndroidManifest.xml:7:22-78
uses-permission#android.permission.GET_ACCOUNTS
ADDED from src/main/AndroidManifest.xml:8:5-71
	android:name
		ADDED from src/main/AndroidManifest.xml:8:22-68
uses-permission#android.permission.READ_PROFILE
ADDED from src/main/AndroidManifest.xml:9:5-71
	android:name
		ADDED from src/main/AndroidManifest.xml:9:22-68
uses-permission#android.permission.READ_CONTACTS
ADDED from src/main/AndroidManifest.xml:10:5-72
	android:name
		ADDED from src/main/AndroidManifest.xml:10:22-69
uses-permission#android.permission.ACCESS_NETWORK_STATE
ADDED from src/main/AndroidManifest.xml:12:5-79
MERGED from [com.google.android.gms:play-services-maps:9.2.0] AndroidManifest.xml:20:5-78
MERGED from [com.google.android.gms:play-services-maps:9.2.0] AndroidManifest.xml:20:5-78
	android:name
		ADDED from src/main/AndroidManifest.xml:12:22-76
uses-permission#android.permission.WAKE_LOCK
ADDED from src/main/AndroidManifest.xml:13:5-69
	android:name
		ADDED from src/main/AndroidManifest.xml:13:22-65
uses-feature#android.hardware.camera
ADDED from src/main/AndroidManifest.xml:20:5-22:35
	android:required
		ADDED from src/main/AndroidManifest.xml:22:9-32
	android:name
		ADDED from src/main/AndroidManifest.xml:21:9-47
meta-data#com.google.android.geo.API_KEY
ADDED from src/main/AndroidManifest.xml:24:5-26:67
	android:value
		ADDED from src/main/AndroidManifest.xml:26:9-64
	android:name
		ADDED from src/main/AndroidManifest.xml:25:9-54
meta-data#com.google.android.gms.version
ADDED from src/main/AndroidManifest.xml:27:5-29:65
	android:value
		ADDED from src/main/AndroidManifest.xml:29:9-62
	android:name
		ADDED from src/main/AndroidManifest.xml:28:9-54
application
ADDED from src/main/AndroidManifest.xml:31:5-74:19
MERGED from [com.android.support:design:28.0.0] AndroidManifest.xml:22:5-20
MERGED from [com.android.support:design:28.0.0] AndroidManifest.xml:22:5-20
MERGED from [com.github.maayyaannkk:ImagePicker:1.0.1] AndroidManifest.xml:14:5-24:19
MERGED from [com.github.maayyaannkk:ImagePicker:1.0.1] AndroidManifest.xml:14:5-24:19
MERGED from [com.google.android.gms:play-services-places:9.2.0] AndroidManifest.xml:19:5-20
MERGED from [com.google.android.gms:play-services-places:9.2.0] AndroidManifest.xml:19:5-20
MERGED from [com.google.android.gms:play-services-maps:9.2.0] AndroidManifest.xml:27:5-20
MERGED from [com.google.android.gms:play-services-maps:9.2.0] AndroidManifest.xml:27:5-20
MERGED from [com.google.android.gms:play-services-base:9.2.0] AndroidManifest.xml:19:5-23:19
MERGED from [com.google.android.gms:play-services-base:9.2.0] AndroidManifest.xml:19:5-23:19
MERGED from [com.google.android.gms:play-services-tasks:9.2.0] AndroidManifest.xml:5:5-20
MERGED from [com.google.android.gms:play-services-tasks:9.2.0] AndroidManifest.xml:5:5-20
MERGED from [com.google.android.gms:play-services-basement:9.2.0] AndroidManifest.xml:20:5-24:19
MERGED from [com.google.android.gms:play-services-basement:9.2.0] AndroidManifest.xml:20:5-24:19
MERGED from [com.android.support.constraint:constraint-layout:1.0.2] AndroidManifest.xml:9:5-20
MERGED from [com.android.support.constraint:constraint-layout:1.0.2] AndroidManifest.xml:9:5-20
MERGED from [com.android.support:support-compat:28.0.0] AndroidManifest.xml:22:5-94
MERGED from [com.android.support:support-compat:28.0.0] AndroidManifest.xml:22:5-94
MERGED from [com.android.support:versionedparcelable:28.0.0] AndroidManifest.xml:22:5-23:19
MERGED from [com.android.support:versionedparcelable:28.0.0] AndroidManifest.xml:22:5-23:19
	android:appComponentFactory
		ADDED from [com.android.support:support-compat:28.0.0] AndroidManifest.xml:22:18-91
	android:supportsRtl
		ADDED from src/main/AndroidManifest.xml:38:9-35
	android:label
		ADDED from src/main/AndroidManifest.xml:35:9-41
	android:hardwareAccelerated
		ADDED from src/main/AndroidManifest.xml:33:9-44
	android:roundIcon
		ADDED from src/main/AndroidManifest.xml:37:9-54
	android:largeHeap
		ADDED from src/main/AndroidManifest.xml:36:9-33
	android:icon
		ADDED from src/main/AndroidManifest.xml:34:9-43
	android:allowBackup
		ADDED from src/main/AndroidManifest.xml:32:9-35
	android:theme
		ADDED from src/main/AndroidManifest.xml:39:9-40
activity#eee.cu.ac.bd.smartcity.ContactActivity
ADDED from src/main/AndroidManifest.xml:40:9-62
	android:name
		ADDED from src/main/AndroidManifest.xml:40:19-50
activity#eee.cu.ac.bd.smartcity.MainActivity
ADDED from src/main/AndroidManifest.xml:41:9-44:68
	android:label
		ADDED from src/main/AndroidManifest.xml:43:13-45
	android:theme
		ADDED from src/main/AndroidManifest.xml:44:13-56
	android:name
		ADDED from src/main/AndroidManifest.xml:42:13-41
activity#eee.cu.ac.bd.smartcity.writepost
ADDED from src/main/AndroidManifest.xml:45:9-47:47
	android:label
		ADDED from src/main/AndroidManifest.xml:47:13-44
	android:name
		ADDED from src/main/AndroidManifest.xml:46:13-38
activity#eee.cu.ac.bd.smartcity.feeds
ADDED from src/main/AndroidManifest.xml:48:9-50:39
	android:label
		ADDED from src/main/AndroidManifest.xml:50:13-36
	android:name
		ADDED from src/main/AndroidManifest.xml:49:13-34
activity#eee.cu.ac.bd.smartcity.MapsActivity
ADDED from src/main/AndroidManifest.xml:63:9-65:59
	android:label
		ADDED from src/main/AndroidManifest.xml:65:13-56
	android:name
		ADDED from src/main/AndroidManifest.xml:64:13-41
activity#eee.cu.ac.bd.smartcity.details
ADDED from src/main/AndroidManifest.xml:66:9-45
	android:name
		ADDED from src/main/AndroidManifest.xml:66:19-42
activity#eee.cu.ac.bd.smartcity.StartActivity
ADDED from src/main/AndroidManifest.xml:67:9-73:20
	android:name
		ADDED from src/main/AndroidManifest.xml:67:19-48
intent-filter#action:name:android.intent.action.MAIN+category:name:android.intent.category.LAUNCHER
ADDED from src/main/AndroidManifest.xml:68:13-72:29
action#android.intent.action.MAIN
ADDED from src/main/AndroidManifest.xml:69:17-69
	android:name
		ADDED from src/main/AndroidManifest.xml:69:25-66
category#android.intent.category.LAUNCHER
ADDED from src/main/AndroidManifest.xml:71:17-77
	android:name
		ADDED from src/main/AndroidManifest.xml:71:27-74
uses-sdk
INJECTED from src/main/AndroidManifest.xml reason: use-sdk injection requested
INJECTED from src/main/AndroidManifest.xml
INJECTED from src/main/AndroidManifest.xml
MERGED from [com.android.support:design:28.0.0] AndroidManifest.xml:20:5-44
MERGED from [com.android.support:design:28.0.0] AndroidManifest.xml:20:5-44
MERGED from [com.github.maayyaannkk:ImagePicker:1.0.1] AndroidManifest.xml:7:5-9:41
MERGED from [com.github.maayyaannkk:ImagePicker:1.0.1] AndroidManifest.xml:7:5-9:41
MERGED from [com.android.support:appcompat-v7:28.0.0] AndroidManifest.xml:20:5-44
MERGED from [com.android.support:appcompat-v7:28.0.0] AndroidManifest.xml:20:5-44
MERGED from [com.android.support:recyclerview-v7:28.0.0] AndroidManifest.xml:20:5-44
MERGED from [com.android.support:recyclerview-v7:28.0.0] AndroidManifest.xml:20:5-44
MERGED from [com.android.support:cardview-v7:28.0.0] AndroidManifest.xml:20:5-44
MERGED from [com.android.support:cardview-v7:28.0.0] AndroidManifest.xml:20:5-44
MERGED from [com.google.android.gms:play-services-places:9.2.0] AndroidManifest.xml:18:5-42
MERGED from [com.google.android.gms:play-services-places:9.2.0] AndroidManifest.xml:18:5-42
MERGED from [com.google.android.gms:play-services-maps:9.2.0] AndroidManifest.xml:26:5-42
MERGED from [com.google.android.gms:play-services-maps:9.2.0] AndroidManifest.xml:26:5-42
MERGED from [com.google.android.gms:play-services-base:9.2.0] AndroidManifest.xml:18:5-42
MERGED from [com.google.android.gms:play-services-base:9.2.0] AndroidManifest.xml:18:5-42
MERGED from [com.google.android.gms:play-services-tasks:9.2.0] AndroidManifest.xml:4:5-43
MERGED from [com.google.android.gms:play-services-tasks:9.2.0] AndroidManifest.xml:4:5-43
MERGED from [com.google.android.gms:play-services-basement:9.2.0] AndroidManifest.xml:18:5-42
MERGED from [com.google.android.gms:play-services-basement:9.2.0] AndroidManifest.xml:18:5-42
MERGED from [com.android.support:support-v4:28.0.0] AndroidManifest.xml:20:5-44
MERGED from [com.android.support:support-v4:28.0.0] AndroidManifest.xml:20:5-44
MERGED from [com.android.support.constraint:constraint-layout:1.0.2] AndroidManifest.xml:5:5-7:41
MERGED from [com.android.support.constraint:constraint-layout:1.0.2] AndroidManifest.xml:5:5-7:41
MERGED from [com.android.support:support-fragment:28.0.0] AndroidManifest.xml:20:5-44
MERGED from [com.android.support:support-fragment:28.0.0] AndroidManifest.xml:20:5-44
MERGED from [com.android.support:animated-vector-drawable:28.0.0] AndroidManifest.xml:20:5-44
MERGED from [com.android.support:animated-vector-drawable:28.0.0] AndroidManifest.xml:20:5-44
MERGED from [com.android.support:support-core-ui:28.0.0] AndroidManifest.xml:20:5-44
MERGED from [com.android.support:support-core-ui:28.0.0] AndroidManifest.xml:20:5-44
MERGED from [com.android.support:support-core-utils:28.0.0] AndroidManifest.xml:20:5-44
MERGED from [com.android.support:support-core-utils:28.0.0] AndroidManifest.xml:20:5-44
MERGED from [com.android.support:support-media-compat:28.0.0] AndroidManifest.xml:20:5-44
MERGED from [com.android.support:support-media-compat:28.0.0] AndroidManifest.xml:20:5-44
MERGED from [com.android.support:transition:28.0.0] AndroidManifest.xml:20:5-44
MERGED from [com.android.support:transition:28.0.0] AndroidManifest.xml:20:5-44
MERGED from [com.android.support:viewpager:28.0.0] AndroidManifest.xml:20:5-44
MERGED from [com.android.support:viewpager:28.0.0] AndroidManifest.xml:20:5-44
MERGED from [com.android.support:coordinatorlayout:28.0.0] AndroidManifest.xml:20:5-44
MERGED from [com.android.support:coordinatorlayout:28.0.0] AndroidManifest.xml:20:5-44
MERGED from [com.android.support:drawerlayout:28.0.0] AndroidManifest.xml:20:5-44
MERGED from [com.android.support:drawerlayout:28.0.0] AndroidManifest.xml:20:5-44
MERGED from [com.android.support:slidingpanelayout:28.0.0] AndroidManifest.xml:20:5-44
MERGED from [com.android.support:slidingpanelayout:28.0.0] AndroidManifest.xml:20:5-44
MERGED from [com.android.support:customview:28.0.0] AndroidManifest.xml:20:5-44
MERGED from [com.android.support:customview:28.0.0] AndroidManifest.xml:20:5-44
MERGED from [com.android.support:swiperefreshlayout:28.0.0] AndroidManifest.xml:20:5-44
MERGED from [com.android.support:swiperefreshlayout:28.0.0] AndroidManifest.xml:20:5-44
MERGED from [com.android.support:asynclayoutinflater:28.0.0] AndroidManifest.xml:20:5-44
MERGED from [com.android.support:asynclayoutinflater:28.0.0] AndroidManifest.xml:20:5-44
MERGED from [com.android.support:loader:28.0.0] AndroidManifest.xml:20:5-44
MERGED from [com.android.support:loader:28.0.0] AndroidManifest.xml:20:5-44
MERGED from [com.android.support:support-vector-drawable:28.0.0] AndroidManifest.xml:20:5-44
MERGED from [com.android.support:support-vector-drawable:28.0.0] AndroidManifest.xml:20:5-44
MERGED from [com.android.support:support-compat:28.0.0] AndroidManifest.xml:20:5-44
MERGED from [com.android.support:support-compat:28.0.0] AndroidManifest.xml:20:5-44
MERGED from [com.android.support:exifinterface:27.1.1] AndroidManifest.xml:20:5-44
MERGED from [com.android.support:exifinterface:27.1.1] AndroidManifest.xml:20:5-44
MERGED from [com.android.support:versionedparcelable:28.0.0] AndroidManifest.xml:20:5-44
MERGED from [com.android.support:versionedparcelable:28.0.0] AndroidManifest.xml:20:5-44
MERGED from [android.arch.lifecycle:runtime:1.1.1] AndroidManifest.xml:20:5-44
MERGED from [android.arch.lifecycle:runtime:1.1.1] AndroidManifest.xml:20:5-44
MERGED from [com.android.support:interpolator:28.0.0] AndroidManifest.xml:20:5-44
MERGED from [com.android.support:interpolator:28.0.0] AndroidManifest.xml:20:5-44
MERGED from [com.android.support:cursoradapter:28.0.0] AndroidManifest.xml:20:5-44
MERGED from [com.android.support:cursoradapter:28.0.0] AndroidManifest.xml:20:5-44
MERGED from [com.android.support:documentfile:28.0.0] AndroidManifest.xml:20:5-44
MERGED from [com.android.support:documentfile:28.0.0] AndroidManifest.xml:20:5-44
MERGED from [com.android.support:localbroadcastmanager:28.0.0] AndroidManifest.xml:20:5-44
MERGED from [com.android.support:localbroadcastmanager:28.0.0] AndroidManifest.xml:20:5-44
MERGED from [com.android.support:print:28.0.0] AndroidManifest.xml:20:5-44
MERGED from [com.android.support:print:28.0.0] AndroidManifest.xml:20:5-44
MERGED from [android.arch.lifecycle:viewmodel:1.1.1] AndroidManifest.xml:20:5-44
MERGED from [android.arch.lifecycle:viewmodel:1.1.1] AndroidManifest.xml:20:5-44
MERGED from [android.arch.lifecycle:livedata:1.1.1] AndroidManifest.xml:20:5-44
MERGED from [android.arch.lifecycle:livedata:1.1.1] AndroidManifest.xml:20:5-44
MERGED from [android.arch.lifecycle:livedata-core:1.1.1] AndroidManifest.xml:20:5-44
MERGED from [android.arch.lifecycle:livedata-core:1.1.1] AndroidManifest.xml:20:5-44
MERGED from [android.arch.core:runtime:1.1.1] AndroidManifest.xml:20:5-44
MERGED from [android.arch.core:runtime:1.1.1] AndroidManifest.xml:20:5-44
INJECTED from src/main/AndroidManifest.xml
INJECTED from src/main/AndroidManifest.xml
	android:targetSdkVersion
		INJECTED from src/main/AndroidManifest.xml
		ADDED from src/main/AndroidManifest.xml
		INJECTED from src/main/AndroidManifest.xml
	android:minSdkVersion
		INJECTED from src/main/AndroidManifest.xml
		ADDED from src/main/AndroidManifest.xml
		INJECTED from src/main/AndroidManifest.xml
provider#android.support.v4.content.FileProvider
ADDED from [com.github.maayyaannkk:ImagePicker:1.0.1] AndroidManifest.xml:15:9-23:20
	android:grantUriPermissions
		ADDED from [com.github.maayyaannkk:ImagePicker:1.0.1] AndroidManifest.xml:19:13-47
	android:authorities
		ADDED from [com.github.maayyaannkk:ImagePicker:1.0.1] AndroidManifest.xml:17:13-60
	android:exported
		ADDED from [com.github.maayyaannkk:ImagePicker:1.0.1] AndroidManifest.xml:18:13-37
	android:name
		ADDED from [com.github.maayyaannkk:ImagePicker:1.0.1] AndroidManifest.xml:16:13-67
meta-data#android.support.FILE_PROVIDER_PATHS
ADDED from [com.github.maayyaannkk:ImagePicker:1.0.1] AndroidManifest.xml:20:13-22:58
	android:resource
		ADDED from [com.github.maayyaannkk:ImagePicker:1.0.1] AndroidManifest.xml:22:17-55
	android:name
		ADDED from [com.github.maayyaannkk:ImagePicker:1.0.1] AndroidManifest.xml:21:17-67
uses-feature#0x00020000
ADDED from [com.google.android.gms:play-services-maps:9.2.0] AndroidManifest.xml:22:5-24:33
	android:glEsVersion
		ADDED from [com.google.android.gms:play-services-maps:9.2.0] AndroidManifest.xml:23:8-40
	android:required
		ADDED from [com.google.android.gms:play-services-maps:9.2.0] AndroidManifest.xml:24:8-31
activity#com.google.android.gms.common.api.GoogleApiActivity
ADDED from [com.google.android.gms:play-services-base:9.2.0] AndroidManifest.xml:20:9-22:45
	android:exported
		ADDED from [com.google.android.gms:play-services-base:9.2.0] AndroidManifest.xml:22:19-43
	android:theme
		ADDED from [com.google.android.gms:play-services-base:9.2.0] AndroidManifest.xml:21:19-78
	android:name
		ADDED from [com.google.android.gms:play-services-base:9.2.0] AndroidManifest.xml:20:19-85